<?xml version="1.0" encoding="UTF-8"?>
<!-- Generated by org.testng.reporters.JUnitReportReporter -->
<testsuite hostname="vinoth" failures="0" tests="1" name="samples.solutions" time="0.008" errors="0" timestamp="2022-11-15T20:31:29 IST" skipped="0">
  <testcase classname="samples.solutions" name="sam" time="0.008"/>
  <system-out/>
</testsuite> <!-- samples.solutions -->
